# JRE version: Java(TM) SE Runtime Environment (8.0_51-b16) (build 1.8.0_51-b16)
# Java VM: Java HotSpot(TM) 64-Bit Server VM (25.51-b03 mixed mode windows-amd64 compressed oops)
Heap:
 PSYoungGen      total 293888K, used 155561K [0x00000000eab00000, 0x0000000100000000, 0x0000000100000000)
  eden space 251904K, 61% used [0x00000000eab00000,0x00000000f42ea7d8,0x00000000fa100000)
  from space 41984K, 0% used [0x00000000fd700000,0x00000000fd700000,0x0000000100000000)
  to   space 48640K, 0% used [0x00000000fa100000,0x00000000fa100000,0x00000000fd080000)
 ParOldGen       total 65536K, used 65475K [0x00000000c0000000, 0x00000000c4000000, 0x00000000eab00000)
  object space 65536K, 99% used [0x00000000c0000000,0x00000000c3ff0d88,0x00000000c4000000)
 Metaspace       used 6588K, capacity 7320K, committed 7680K, reserved 1056768K
  class space    used 618K, capacity 656K, committed 768K, reserved 1048576K
GC Heap History (10 events):
Event: 5.516 GC heap before
{Heap before GC invocations=10 (full 0):
 PSYoungGen      total 218112K, used 218111K [0x00000000eab00000, 0x0000000100000000, 0x0000000100000000)
  eden space 187904K, 100% used [0x00000000eab00000,0x00000000f6280000,0x00000000f6280000)
  from space 30208K, 99% used [0x00000000f6280000,0x00000000f7ffff78,0x00000000f8000000)
  to   space 41984K, 0% used [0x00000000fd700000,0x00000000fd700000,0x0000000100000000)
 ParOldGen       total 65536K, used 44279K [0x00000000c0000000, 0x00000000c4000000, 0x00000000eab00000)
  object space 65536K, 67% used [0x00000000c0000000,0x00000000c2b3df78,0x00000000c4000000)
 Metaspace       used 6560K, capacity 7320K, committed 7680K, reserved 1056768K
  class space    used 618K, capacity 656K, committed 768K, reserved 1048576K
Event: 5.652 GC heap after
Heap after GC invocations=10 (full 0):
 PSYoungGen      total 293888K, used 40582K [0x00000000eab00000, 0x0000000100000000, 0x0000000100000000)
  eden space 251904K, 0% used [0x00000000eab00000,0x00000000eab00000,0x00000000fa100000)
  from space 41984K, 96% used [0x00000000fd700000,0x00000000ffea18c0,0x0000000100000000)
  to   space 48640K, 0% used [0x00000000fa100000,0x00000000fa100000,0x00000000fd080000)
 ParOldGen       total 65536K, used 60531K [0x00000000c0000000, 0x00000000c4000000, 0x00000000eab00000)
  object space 65536K, 92% used [0x00000000c0000000,0x00000000c3b1cdf8,0x00000000c4000000)
 Metaspace       used 6560K, capacity 7320K, committed 7680K, reserved 1056768K
  class space    used 618K, capacity 656K, committed 768K, reserved 1048576K
}
Event: 5.652 GC heap before
{Heap before GC invocations=11 (full 1):
 PSYoungGen      total 293888K, used 40582K [0x00000000eab00000, 0x0000000100000000, 0x0000000100000000)
  eden space 251904K, 0% used [0x00000000eab00000,0x00000000eab00000,0x00000000fa100000)
  from space 41984K, 96% used [0x00000000fd700000,0x00000000ffea18c0,0x0000000100000000)
  to   space 48640K, 0% used [0x00000000fa100000,0x00000000fa100000,0x00000000fd080000)
 ParOldGen       total 65536K, used 60531K [0x00000000c0000000, 0x00000000c4000000, 0x00000000eab00000)
  object space 65536K, 92% used [0x00000000c0000000,0x00000000c3b1cdf8,0x00000000c4000000)
 Metaspace       used 6560K, capacity 7320K, committed 7680K, reserved 1056768K
  class space    used 618K, capacity 656K, committed 768K, reserved 1048576K
Event: 6.954 GC heap after
Heap after GC invocations=11 (full 1):
 PSYoungGen      total 293888K, used 30071K [0x00000000eab00000, 0x0000000100000000, 0x0000000100000000)
  eden space 251904K, 0% used [0x00000000eab00000,0x00000000eab00000,0x00000000fa100000)
  from space 41984K, 71% used [0x00000000fd700000,0x00000000ff45de88,0x0000000100000000)
  to   space 48640K, 0% used [0x00000000fa100000,0x00000000fa100000,0x00000000fd080000)
 ParOldGen       total 65536K, used 65236K [0x00000000c0000000, 0x00000000c4000000, 0x00000000eab00000)
  object space 65536K, 99% used [0x00000000c0000000,0x00000000c3fb5250,0x00000000c4000000)
 Metaspace       used 6560K, capacity 7320K, committed 7680K, reserved 1056768K
  class space    used 618K, capacity 656K, committed 768K, reserved 1048576K
}
Event: 8.536 GC heap before
{Heap before GC invocations=12 (full 2):
 PSYoungGen      total 293888K, used 281975K [0x00000000eab00000, 0x0000000100000000, 0x0000000100000000)
  eden space 251904K, 100% used [0x00000000eab00000,0x00000000fa100000,0x00000000fa100000)
  from space 41984K, 71% used [0x00000000fd700000,0x00000000ff45de88,0x0000000100000000)
  to   space 48640K, 0% used [0x00000000fa100000,0x00000000fa100000,0x00000000fd080000)
 ParOldGen       total 65536K, used 65236K [0x00000000c0000000, 0x00000000c4000000, 0x00000000eab00000)
  object space 65536K, 99% used [0x00000000c0000000,0x00000000c3fb5250,0x00000000c4000000)
 Metaspace       used 6572K, capacity 7320K, committed 7680K, reserved 1056768K
  class space    used 618K, capacity 656K, committed 768K, reserved 1048576K
Event: 9.597 GC heap after
Heap after GC invocations=12 (full 2):
 PSYoungGen      total 293888K, used 66921K [0x00000000eab00000, 0x0000000100000000, 0x0000000100000000)
  eden space 251904K, 26% used [0x00000000eab00000,0x00000000eec5a5d0,0x00000000fa100000)
  from space 41984K, 0% used [0x00000000fd700000,0x00000000fd700000,0x0000000100000000)
  to   space 48640K, 0% used [0x00000000fa100000,0x00000000fa100000,0x00000000fd080000)
 ParOldGen       total 65536K, used 65528K [0x00000000c0000000, 0x00000000c4000000, 0x00000000eab00000)
  object space 65536K, 99% used [0x00000000c0000000,0x00000000c3ffe3a0,0x00000000c4000000)
 Metaspace       used 6572K, capacity 7320K, committed 7680K, reserved 1056768K
  class space    used 618K, capacity 656K, committed 768K, reserved 1048576K
}
Event: 10.376 GC heap before
{Heap before GC invocations=13 (full 3):
 PSYoungGen      total 293888K, used 251904K [0x00000000eab00000, 0x0000000100000000, 0x0000000100000000)
  eden space 251904K, 100% used [0x00000000eab00000,0x00000000fa100000,0x00000000fa100000)
  from space 41984K, 0% used [0x00000000fd700000,0x00000000fd700000,0x0000000100000000)
  to   space 48640K, 0% used [0x00000000fa100000,0x00000000fa100000,0x00000000fd080000)
 ParOldGen       total 65536K, used 65528K [0x00000000c0000000, 0x00000000c4000000, 0x00000000eab00000)
  object space 65536K, 99% used [0x00000000c0000000,0x00000000c3ffe3a0,0x00000000c4000000)
 Metaspace       used 6577K, capacity 7320K, committed 7680K, reserved 1056768K
  class space    used 618K, capacity 656K, committed 768K, reserved 1048576K
Event: 11.251 GC heap after
Heap after GC invocations=13 (full 3):
 PSYoungGen      total 293888K, used 93237K [0x00000000eab00000, 0x0000000100000000, 0x0000000100000000)
  eden space 251904K, 37% used [0x00000000eab00000,0x00000000f060d428,0x00000000fa100000)
  from space 41984K, 0% used [0x00000000fd700000,0x00000000fd700000,0x0000000100000000)
  to   space 48640K, 0% used [0x00000000fa100000,0x00000000fa100000,0x00000000fd080000)
 ParOldGen       total 65536K, used 65475K [0x00000000c0000000, 0x00000000c4000000, 0x00000000eab00000)
  object space 65536K, 99% used [0x00000000c0000000,0x00000000c3ff0e68,0x00000000c4000000)
 Metaspace       used 6577K, capacity 7320K, committed 7680K, reserved 1056768K
  class space    used 618K, capacity 656K, committed 768K, reserved 1048576K
}
Event: 12.042 GC heap before
{Heap before GC invocations=14 (full 4):
 PSYoungGen      total 293888K, used 251904K [0x00000000eab00000, 0x0000000100000000, 0x0000000100000000)
  eden space 251904K, 100% used [0x00000000eab00000,0x00000000fa100000,0x00000000fa100000)
  from space 41984K, 0% used [0x00000000fd700000,0x00000000fd700000,0x0000000100000000)
  to   space 48640K, 0% used [0x00000000fa100000,0x00000000fa100000,0x00000000fd080000)
 ParOldGen       total 65536K, used 65475K [0x00000000c0000000, 0x00000000c4000000, 0x00000000eab00000)
  object space 65536K, 99% used [0x00000000c0000000,0x00000000c3ff0e68,0x00000000c4000000)
 Metaspace       used 6580K, capacity 7320K, committed 7680K, reserved 1056768K
  class space    used 618K, capacity 656K, committed 768K, reserved 1048576K
Event: 12.912 GC heap after
Heap after GC invocations=14 (full 4):
 PSYoungGen      total 293888K, used 116919K [0x00000000eab00000, 0x0000000100000000, 0x0000000100000000)
  eden space 251904K, 46% used [0x00000000eab00000,0x00000000f1d2def0,0x00000000fa100000)
  from space 41984K, 0% used [0x00000000fd700000,0x00000000fd700000,0x0000000100000000)
  to   space 48640K, 0% used [0x00000000fa100000,0x00000000fa100000,0x00000000fd080000)
 ParOldGen       total 65536K, used 65475K [0x00000000c0000000, 0x00000000c4000000, 0x00000000eab00000)
  object space 65536K, 99% used [0x00000000c0000000,0x00000000c3ff0d88,0x00000000c4000000)
 Metaspace       used 6580K, capacity 7320K, committed 7680K, reserved 1056768K
  class space    used 618K, capacity 656K, committed 768K, reserved 1048576K
}

